2023-09-18 15:41:55.6501 Info Registered target NLog.Targets.FileTarget(Name=logfile)
2023-09-18 15:41:55.6700 Info Registered target NLog.Targets.ConsoleTarget(Name=logconsole)
2023-09-18 15:41:55.7289 Info Registered target NLog.Targets.DatabaseTarget(Name=UsersBetacomio)
2023-09-18 15:41:55.8355 Info NLog, Version=5.0.0.0, Culture=neutral, PublicKeyToken=5120e14c03d0593c. File version: 5.2.4.2092. Product version: 5.2.4+5ed75b125a691ce9f01e64641f1a79f438385847. GlobalAssemblyCache: False
2023-09-18 15:41:55.8892 Info Validating config: TargetNames=logconsole, logfile, UsersBetacomio, ConfigItems=40, FilePath=C:\Users\Betacom\Desktop\Workspace\Betacomio\Betacomio BE\Betacomio\Betacomio\bin\Debug\net7.0\NLog.config
2023-09-18 15:41:56.0225 Info Configuration initialized.
2023-09-18 15:41:56.0564 Warn Logger: Betacomio.Controllers.ViewParentCategoriesController configured with duplicate output to target: ConsoleTarget(Name=logconsole). LoggingRule with NamePattern='*' and Level=Info has been skipped.
2023-09-18 15:41:56.0718 Warn Logger: Betacomio.Controllers.ViewParentCategoriesController configured with duplicate output to target: FileTarget(Name=logfile). LoggingRule with NamePattern='*' and Level=Error has been skipped.
2023-09-18 15:41:57.2195 Error DatabaseTarget(Name=UsersBetacomio): Error when writing to database. Exception: Microsoft.Data.SqlClient.SqlException (0x80131904): I dati stringa o binari verranno troncati nella tabella 'UsersBetacomio.dbo.ErrorLog', colonna 'logger'. Valore troncato: (Betacomio.Controllers.ViewParentCategoriesControll).
L'istruzione è stata interrotta.
   at Microsoft.Data.SqlClient.SqlConnection.OnError(SqlException exception, Boolean breakConnection, Action`1 wrapCloseInAction)
   at Microsoft.Data.SqlClient.SqlInternalConnection.OnError(SqlException exception, Boolean breakConnection, Action`1 wrapCloseInAction)
   at Microsoft.Data.SqlClient.TdsParser.ThrowExceptionAndWarning(TdsParserStateObject stateObj, Boolean callerHasConnectionLock, Boolean asyncClose)
   at Microsoft.Data.SqlClient.TdsParser.TryRun(RunBehavior runBehavior, SqlCommand cmdHandler, SqlDataReader dataStream, BulkCopySimpleResultSet bulkCopyHandler, TdsParserStateObject stateObj, Boolean& dataReady)
   at Microsoft.Data.SqlClient.SqlCommand.FinishExecuteReader(SqlDataReader ds, RunBehavior runBehavior, String resetOptionsString, Boolean isInternal, Boolean forDescribeParameterEncryption, Boolean shouldCacheForAlwaysEncrypted)
   at Microsoft.Data.SqlClient.SqlCommand.RunExecuteReaderTds(CommandBehavior cmdBehavior, RunBehavior runBehavior, Boolean returnStream, Boolean isAsync, Int32 timeout, Task& task, Boolean asyncWrite, Boolean inRetry, SqlDataReader ds, Boolean describeParameterEncryptionRequest)
   at Microsoft.Data.SqlClient.SqlCommand.RunExecuteReader(CommandBehavior cmdBehavior, RunBehavior runBehavior, Boolean returnStream, TaskCompletionSource`1 completion, Int32 timeout, Task& task, Boolean& usedCache, Boolean asyncWrite, Boolean inRetry, String method)
   at Microsoft.Data.SqlClient.SqlCommand.InternalExecuteNonQuery(TaskCompletionSource`1 completion, Boolean sendToPipe, Int32 timeout, Boolean& usedCache, Boolean asyncWrite, Boolean inRetry, String methodName)
   at Microsoft.Data.SqlClient.SqlCommand.ExecuteNonQuery()
   at NLog.Targets.DatabaseTarget.ExecuteDbCommandWithParameters(LogEventInfo logEvent, IDbConnection dbConnection, IDbTransaction dbTransaction)
   at NLog.Targets.DatabaseTarget.WriteLogEventSuppressTransactionScope(LogEventInfo logEvent, String connectionString)
ClientConnectionId:30da62a1-51f9-4db6-b22a-48f0f8dc094d
Error Number:2628,State:1,Class:16
2023-09-18 15:42:03.5269 Error DatabaseTarget(Name=UsersBetacomio): Error when writing to database. Exception: Microsoft.Data.SqlClient.SqlException (0x80131904): I dati stringa o binari verranno troncati nella tabella 'UsersBetacomio.dbo.ErrorLog', colonna 'logger'. Valore troncato: (Betacomio.Controllers.ViewParentCategoriesControll).
L'istruzione è stata interrotta.
   at Microsoft.Data.SqlClient.SqlConnection.OnError(SqlException exception, Boolean breakConnection, Action`1 wrapCloseInAction)
   at Microsoft.Data.SqlClient.SqlInternalConnection.OnError(SqlException exception, Boolean breakConnection, Action`1 wrapCloseInAction)
   at Microsoft.Data.SqlClient.TdsParser.ThrowExceptionAndWarning(TdsParserStateObject stateObj, Boolean callerHasConnectionLock, Boolean asyncClose)
   at Microsoft.Data.SqlClient.TdsParser.TryRun(RunBehavior runBehavior, SqlCommand cmdHandler, SqlDataReader dataStream, BulkCopySimpleResultSet bulkCopyHandler, TdsParserStateObject stateObj, Boolean& dataReady)
   at Microsoft.Data.SqlClient.SqlCommand.FinishExecuteReader(SqlDataReader ds, RunBehavior runBehavior, String resetOptionsString, Boolean isInternal, Boolean forDescribeParameterEncryption, Boolean shouldCacheForAlwaysEncrypted)
   at Microsoft.Data.SqlClient.SqlCommand.RunExecuteReaderTds(CommandBehavior cmdBehavior, RunBehavior runBehavior, Boolean returnStream, Boolean isAsync, Int32 timeout, Task& task, Boolean asyncWrite, Boolean inRetry, SqlDataReader ds, Boolean describeParameterEncryptionRequest)
   at Microsoft.Data.SqlClient.SqlCommand.RunExecuteReader(CommandBehavior cmdBehavior, RunBehavior runBehavior, Boolean returnStream, TaskCompletionSource`1 completion, Int32 timeout, Task& task, Boolean& usedCache, Boolean asyncWrite, Boolean inRetry, String method)
   at Microsoft.Data.SqlClient.SqlCommand.InternalExecuteNonQuery(TaskCompletionSource`1 completion, Boolean sendToPipe, Int32 timeout, Boolean& usedCache, Boolean asyncWrite, Boolean inRetry, String methodName)
   at Microsoft.Data.SqlClient.SqlCommand.ExecuteNonQuery()
   at NLog.Targets.DatabaseTarget.ExecuteDbCommandWithParameters(LogEventInfo logEvent, IDbConnection dbConnection, IDbTransaction dbTransaction)
   at NLog.Targets.DatabaseTarget.WriteLogEventSuppressTransactionScope(LogEventInfo logEvent, String connectionString)
ClientConnectionId:30da62a1-51f9-4db6-b22a-48f0f8dc094d
Error Number:2628,State:1,Class:16
2023-09-18 15:42:12.9374 Error DatabaseTarget(Name=UsersBetacomio): Error when writing to database. Exception: Microsoft.Data.SqlClient.SqlException (0x80131904): I dati stringa o binari verranno troncati nella tabella 'UsersBetacomio.dbo.ErrorLog', colonna 'logger'. Valore troncato: (Betacomio.Controllers.ViewParentCategoriesControll).
L'istruzione è stata interrotta.
   at Microsoft.Data.SqlClient.SqlConnection.OnError(SqlException exception, Boolean breakConnection, Action`1 wrapCloseInAction)
   at Microsoft.Data.SqlClient.SqlInternalConnection.OnError(SqlException exception, Boolean breakConnection, Action`1 wrapCloseInAction)
   at Microsoft.Data.SqlClient.TdsParser.ThrowExceptionAndWarning(TdsParserStateObject stateObj, Boolean callerHasConnectionLock, Boolean asyncClose)
   at Microsoft.Data.SqlClient.TdsParser.TryRun(RunBehavior runBehavior, SqlCommand cmdHandler, SqlDataReader dataStream, BulkCopySimpleResultSet bulkCopyHandler, TdsParserStateObject stateObj, Boolean& dataReady)
   at Microsoft.Data.SqlClient.SqlCommand.FinishExecuteReader(SqlDataReader ds, RunBehavior runBehavior, String resetOptionsString, Boolean isInternal, Boolean forDescribeParameterEncryption, Boolean shouldCacheForAlwaysEncrypted)
   at Microsoft.Data.SqlClient.SqlCommand.RunExecuteReaderTds(CommandBehavior cmdBehavior, RunBehavior runBehavior, Boolean returnStream, Boolean isAsync, Int32 timeout, Task& task, Boolean asyncWrite, Boolean inRetry, SqlDataReader ds, Boolean describeParameterEncryptionRequest)
   at Microsoft.Data.SqlClient.SqlCommand.RunExecuteReader(CommandBehavior cmdBehavior, RunBehavior runBehavior, Boolean returnStream, TaskCompletionSource`1 completion, Int32 timeout, Task& task, Boolean& usedCache, Boolean asyncWrite, Boolean inRetry, String method)
   at Microsoft.Data.SqlClient.SqlCommand.InternalExecuteNonQuery(TaskCompletionSource`1 completion, Boolean sendToPipe, Int32 timeout, Boolean& usedCache, Boolean asyncWrite, Boolean inRetry, String methodName)
   at Microsoft.Data.SqlClient.SqlCommand.ExecuteNonQuery()
   at NLog.Targets.DatabaseTarget.ExecuteDbCommandWithParameters(LogEventInfo logEvent, IDbConnection dbConnection, IDbTransaction dbTransaction)
   at NLog.Targets.DatabaseTarget.WriteLogEventSuppressTransactionScope(LogEventInfo logEvent, String connectionString)
ClientConnectionId:30da62a1-51f9-4db6-b22a-48f0f8dc094d
Error Number:2628,State:1,Class:16
2023-09-18 15:42:57.0911 Info Registered target NLog.Targets.FileTarget(Name=logfile)
2023-09-18 15:42:57.0953 Info Registered target NLog.Targets.ConsoleTarget(Name=logconsole)
2023-09-18 15:42:57.1287 Info Registered target NLog.Targets.DatabaseTarget(Name=UsersBetacomio)
2023-09-18 15:42:57.1648 Info NLog, Version=5.0.0.0, Culture=neutral, PublicKeyToken=5120e14c03d0593c. File version: 5.2.4.2092. Product version: 5.2.4+5ed75b125a691ce9f01e64641f1a79f438385847. GlobalAssemblyCache: False
2023-09-18 15:42:57.1983 Info Validating config: TargetNames=logconsole, logfile, UsersBetacomio, ConfigItems=40, FilePath=C:\Users\Betacom\Desktop\Workspace\Betacomio\Betacomio BE\Betacomio\Betacomio\bin\Debug\net7.0\NLog.config
2023-09-18 15:42:57.2564 Info Configuration initialized.
2023-09-18 15:42:57.2657 Warn Logger: Betacomio.Controllers.ViewParentCategoriesController configured with duplicate output to target: ConsoleTarget(Name=logconsole). LoggingRule with NamePattern='*' and Level=Info has been skipped.
2023-09-18 15:42:57.2657 Warn Logger: Betacomio.Controllers.ViewParentCategoriesController configured with duplicate output to target: FileTarget(Name=logfile). LoggingRule with NamePattern='*' and Level=Error has been skipped.
2023-09-18 15:42:57.6896 Error DatabaseTarget(Name=UsersBetacomio): Error when writing to database. Exception: Microsoft.Data.SqlClient.SqlException (0x80131904): I dati stringa o binari verranno troncati nella tabella 'UsersBetacomio.dbo.ErrorLog', colonna 'logger'. Valore troncato: (Betacomio.Controllers.ViewParentCategoriesControll).
L'istruzione è stata interrotta.
   at Microsoft.Data.SqlClient.SqlConnection.OnError(SqlException exception, Boolean breakConnection, Action`1 wrapCloseInAction)
   at Microsoft.Data.SqlClient.SqlInternalConnection.OnError(SqlException exception, Boolean breakConnection, Action`1 wrapCloseInAction)
   at Microsoft.Data.SqlClient.TdsParser.ThrowExceptionAndWarning(TdsParserStateObject stateObj, Boolean callerHasConnectionLock, Boolean asyncClose)
   at Microsoft.Data.SqlClient.TdsParser.TryRun(RunBehavior runBehavior, SqlCommand cmdHandler, SqlDataReader dataStream, BulkCopySimpleResultSet bulkCopyHandler, TdsParserStateObject stateObj, Boolean& dataReady)
   at Microsoft.Data.SqlClient.SqlCommand.FinishExecuteReader(SqlDataReader ds, RunBehavior runBehavior, String resetOptionsString, Boolean isInternal, Boolean forDescribeParameterEncryption, Boolean shouldCacheForAlwaysEncrypted)
   at Microsoft.Data.SqlClient.SqlCommand.RunExecuteReaderTds(CommandBehavior cmdBehavior, RunBehavior runBehavior, Boolean returnStream, Boolean isAsync, Int32 timeout, Task& task, Boolean asyncWrite, Boolean inRetry, SqlDataReader ds, Boolean describeParameterEncryptionRequest)
   at Microsoft.Data.SqlClient.SqlCommand.RunExecuteReader(CommandBehavior cmdBehavior, RunBehavior runBehavior, Boolean returnStream, TaskCompletionSource`1 completion, Int32 timeout, Task& task, Boolean& usedCache, Boolean asyncWrite, Boolean inRetry, String method)
   at Microsoft.Data.SqlClient.SqlCommand.InternalExecuteNonQuery(TaskCompletionSource`1 completion, Boolean sendToPipe, Int32 timeout, Boolean& usedCache, Boolean asyncWrite, Boolean inRetry, String methodName)
   at Microsoft.Data.SqlClient.SqlCommand.ExecuteNonQuery()
   at NLog.Targets.DatabaseTarget.ExecuteDbCommandWithParameters(LogEventInfo logEvent, IDbConnection dbConnection, IDbTransaction dbTransaction)
   at NLog.Targets.DatabaseTarget.WriteLogEventSuppressTransactionScope(LogEventInfo logEvent, String connectionString)
ClientConnectionId:63a9b5db-ad97-4f16-8dd0-867877902b69
Error Number:2628,State:1,Class:16
2023-09-18 15:43:57.5484 Error DatabaseTarget(Name=UsersBetacomio): Error when writing to database. Exception: Microsoft.Data.SqlClient.SqlException (0x80131904): I dati stringa o binari verranno troncati nella tabella 'UsersBetacomio.dbo.ErrorLog', colonna 'logger'. Valore troncato: (Betacomio.Controllers.ViewParentCategoriesControll).
L'istruzione è stata interrotta.
   at Microsoft.Data.SqlClient.SqlConnection.OnError(SqlException exception, Boolean breakConnection, Action`1 wrapCloseInAction)
   at Microsoft.Data.SqlClient.SqlInternalConnection.OnError(SqlException exception, Boolean breakConnection, Action`1 wrapCloseInAction)
   at Microsoft.Data.SqlClient.TdsParser.ThrowExceptionAndWarning(TdsParserStateObject stateObj, Boolean callerHasConnectionLock, Boolean asyncClose)
   at Microsoft.Data.SqlClient.TdsParser.TryRun(RunBehavior runBehavior, SqlCommand cmdHandler, SqlDataReader dataStream, BulkCopySimpleResultSet bulkCopyHandler, TdsParserStateObject stateObj, Boolean& dataReady)
   at Microsoft.Data.SqlClient.SqlCommand.FinishExecuteReader(SqlDataReader ds, RunBehavior runBehavior, String resetOptionsString, Boolean isInternal, Boolean forDescribeParameterEncryption, Boolean shouldCacheForAlwaysEncrypted)
   at Microsoft.Data.SqlClient.SqlCommand.RunExecuteReaderTds(CommandBehavior cmdBehavior, RunBehavior runBehavior, Boolean returnStream, Boolean isAsync, Int32 timeout, Task& task, Boolean asyncWrite, Boolean inRetry, SqlDataReader ds, Boolean describeParameterEncryptionRequest)
   at Microsoft.Data.SqlClient.SqlCommand.RunExecuteReader(CommandBehavior cmdBehavior, RunBehavior runBehavior, Boolean returnStream, TaskCompletionSource`1 completion, Int32 timeout, Task& task, Boolean& usedCache, Boolean asyncWrite, Boolean inRetry, String method)
   at Microsoft.Data.SqlClient.SqlCommand.InternalExecuteNonQuery(TaskCompletionSource`1 completion, Boolean sendToPipe, Int32 timeout, Boolean& usedCache, Boolean asyncWrite, Boolean inRetry, String methodName)
   at Microsoft.Data.SqlClient.SqlCommand.ExecuteNonQuery()
   at NLog.Targets.DatabaseTarget.ExecuteDbCommandWithParameters(LogEventInfo logEvent, IDbConnection dbConnection, IDbTransaction dbTransaction)
   at NLog.Targets.DatabaseTarget.WriteLogEventSuppressTransactionScope(LogEventInfo logEvent, String connectionString)
ClientConnectionId:63a9b5db-ad97-4f16-8dd0-867877902b69
Error Number:2628,State:1,Class:16
